<?xml version="1.0" encoding="UTF-8"?>
<!-- Generated by org.testng.reporters.JUnitReportReporter -->
<testsuite hostname="DESKTOP-BMBS5HR" failures="0" tests="1" name="com.example.SauceTest" time="8.168" errors="0" timestamp="2024-06-30T17:47:05 VET" skipped="0">
  <testcase classname="com.example.SauceTest" name="testApp" time="8.168"/>
</testsuite> <!-- com.example.SauceTest -->
