<?xml version="1.0" encoding="UTF-8"?>
<!-- Generated by org.testng.reporters.JUnitReportReporter -->
<testsuite hostname="DESKTOP-BMBS5HR" failures="0" tests="1" name="com.saucetest.SauceTest" time="15.801" errors="0" timestamp="2024-07-01T19:57:43 VET" skipped="0">
  <testcase classname="com.saucetest.SauceTest" name="testApp" time="15.801"/>
</testsuite> <!-- com.saucetest.SauceTest -->
