<?xml version="1.0" encoding="UTF-8"?>
<!-- Generated by org.testng.reporters.JUnitReportReporter -->
<testsuite hostname="DESKTOP-8T59K4G" failures="0" tests="1" name="com.saucetest.SauceTest" time="6.913" errors="0" timestamp="2025-02-13T23:19:49 GMT" skipped="0">
  <testcase classname="com.saucetest.SauceTest" name="testApp" time="6.913"/>
</testsuite> <!-- com.saucetest.SauceTest -->
